Using pre-set license
Built from '2020.3/staging' branch; Version is '2020.3.48f1 (b805b124c6b7) revision 12060081'; Using compiler version '192528614'; Build Type 'Release'
OS: 'Windows 10  (10.0.19045) 64bit Professional' Language: 'pl' Physical Memory: 16289 MB
BatchMode: 1, IsHumanControllingUs: 0, StartBugReporterOnCrash: 0, Is64bit: 1, IsPro: 0

COMMAND LINE ARGUMENTS:
C:\Program Files\Unity\Hub\Editor\2020.3.48f1\Editor\Unity.exe
-adb2
-batchMode
-noUpm
-name
AssetImportWorker0
-projectPath
D:/UnityProjects/Berty
-logFile
Logs/AssetImportWorker0.log
-srvPort
57344
Successfully changed project path to: D:/UnityProjects/Berty
D:/UnityProjects/Berty
Using Asset Import Pipeline V2.
Player connection [5648] Host "[IP] 10.230.0.35 [Port] 3221443040 [Flags] 2 [Guid] 291180073 [EditorId] 291180073 [Version] 1048832 [Id] WindowsEditor(7,DESKTOP-RIAV6T4) [Debug] 1 [PackageName] WindowsEditor [ProjectName] Editor" joined multi-casting on [225.0.0.222:54997]...

Player connection [5648] Host "[IP] 10.230.0.35 [Port] 3221443040 [Flags] 2 [Guid] 291180073 [EditorId] 291180073 [Version] 1048832 [Id] WindowsEditor(7,DESKTOP-RIAV6T4) [Debug] 1 [PackageName] WindowsEditor [ProjectName] Editor" joined alternative multi-casting on [225.0.0.222:34997]...

Refreshing native plugins compatible for Editor in 45.70 ms, found 3 plugins.
Preloading 0 native plugins for Editor in 0.00 ms.
Initialize engine version: 2020.3.48f1 (b805b124c6b7)
[Subsystems] Discovering subsystems at path C:/Program Files/Unity/Hub/Editor/2020.3.48f1/Editor/Data/Resources/UnitySubsystems
[Subsystems] Discovering subsystems at path D:/UnityProjects/Berty/Assets
GfxDevice: creating device client; threaded=0
Direct3D:
    Version:  Direct3D 11.0 [level 11.1]
    Renderer: AMD Radeon HD 8790M (ID=0x6606)
    Vendor:   
    VRAM:     2028 MB
    Driver:   27.20.1034.6
Initialize mono
Mono path[0] = 'C:/Program Files/Unity/Hub/Editor/2020.3.48f1/Editor/Data/Managed'
Mono path[1] = 'C:/Program Files/Unity/Hub/Editor/2020.3.48f1/Editor/Data/MonoBleedingEdge/lib/mono/unityjit'
Mono config path = 'C:/Program Files/Unity/Hub/Editor/2020.3.48f1/Editor/Data/MonoBleedingEdge/etc'
Using monoOptions --debugger-agent=transport=dt_socket,embedding=1,server=y,suspend=n,address=127.0.0.1:56032
Begin MonoManager ReloadAssembly
Registering precompiled unity dll's ...
Register platform support module: C:/Program Files/Unity/Hub/Editor/2020.3.48f1/Editor/Data/PlaybackEngines/WindowsStandaloneSupport/UnityEditor.WindowsStandalone.Extensions.dll
Registered in 0.002604 seconds.
Native extension for WindowsStandalone target not found
Refreshing native plugins compatible for Editor in 42.03 ms, found 3 plugins.
Preloading 0 native plugins for Editor in 0.00 ms.
Mono: successfully reloaded assembly
- Completed reload, in  0.824 seconds
Domain Reload Profiling:
	ReloadAssembly (824ms)
		BeginReloadAssembly (86ms)
			ExecutionOrderSort (0ms)
			DisableScriptedObjects (0ms)
			BackupInstance (0ms)
			ReleaseScriptingObjects (0ms)
			CreateAndSetChildDomain (1ms)
		EndReloadAssembly (641ms)
			LoadAssemblies (83ms)
			RebuildTransferFunctionScriptingTraits (0ms)
			SetupTypeCache (220ms)
			ReleaseScriptCaches (0ms)
			RebuildScriptCaches (52ms)
			SetupLoadedEditorAssemblies (221ms)
				LogAssemblyErrors (0ms)
				InitializePlatformSupportModulesInManaged (6ms)
				SetLoadedEditorAssemblies (1ms)
				RefreshPlugins (42ms)
				BeforeProcessingInitializeOnLoad (22ms)
				ProcessInitializeOnLoadAttributes (109ms)
				ProcessInitializeOnLoadMethodAttributes (40ms)
				AfterProcessingInitializeOnLoad (0ms)
				EditorAssembliesLoaded (0ms)
			ExecutionOrderSort2 (0ms)
			AwakeInstancesAfterBackupRestoration (0ms)
Platform modules already initialized, skipping
Registering precompiled user dll's ...
Registered in 0.002589 seconds.
Begin MonoManager ReloadAssembly
Native extension for WindowsStandalone target not found
Refreshing native plugins compatible for Editor in 0.46 ms, found 3 plugins.
Preloading 0 native plugins for Editor in 0.00 ms.
Mono: successfully reloaded assembly
- Completed reload, in  1.381 seconds
Domain Reload Profiling:
	ReloadAssembly (1382ms)
		BeginReloadAssembly (188ms)
			ExecutionOrderSort (0ms)
			DisableScriptedObjects (7ms)
			BackupInstance (0ms)
			ReleaseScriptingObjects (0ms)
			CreateAndSetChildDomain (24ms)
		EndReloadAssembly (1114ms)
			LoadAssemblies (117ms)
			RebuildTransferFunctionScriptingTraits (0ms)
			SetupTypeCache (387ms)
			ReleaseScriptCaches (1ms)
			RebuildScriptCaches (67ms)
			SetupLoadedEditorAssemblies (447ms)
				LogAssemblyErrors (0ms)
				InitializePlatformSupportModulesInManaged (7ms)
				SetLoadedEditorAssemblies (1ms)
				RefreshPlugins (1ms)
				BeforeProcessingInitializeOnLoad (117ms)
				ProcessInitializeOnLoadAttributes (298ms)
				ProcessInitializeOnLoadMethodAttributes (15ms)
				AfterProcessingInitializeOnLoad (9ms)
				EditorAssembliesLoaded (1ms)
			ExecutionOrderSort2 (0ms)
			AwakeInstancesAfterBackupRestoration (2ms)
Platform modules already initialized, skipping
========================================================================
Worker process is ready to serve import requests
Launched and connected shader compiler UnityShaderCompiler.exe after 0.06 seconds
Refreshing native plugins compatible for Editor in 0.56 ms, found 3 plugins.
Preloading 0 native plugins for Editor in 0.00 ms.
Unloading 1678 Unused Serialized files (Serialized files now loaded: 0)
System memory in use before: 76.7 MB.
System memory in use after: 76.8 MB.

Unloading 18 unused Assets to reduce memory usage. Loaded Objects now: 2114.
Total: 3.623800 ms (FindLiveObjects: 0.208600 ms CreateObjectMapping: 0.085800 ms MarkObjects: 3.284300 ms  DeleteObjects: 0.043700 ms)

AssetImportParameters requested are different than current active one (requested -> active):
  custom:framework-win-MediaFoundation: 216162199b28c13a410421893ffa2e32 -> 
  custom:video-decoder-ogg-theora: a1e56fd34408186e4bbccfd4996cb3dc -> 
  custom:container-muxer-webm: aa71ff27fc2769a1b78a27578f13a17b -> 
  custom:container-demuxer-webm: 4f35f7cbe854078d1ac9338744f61a02 -> 
  custom:container-demuxer-ogg: 62fdf1f143b41e24485cea50d1cbac27 -> 
  custom:video-encoder-webm-vp8: eb34c28f22e8b96e1ab97ce403110664 -> 
  custom:video-decoder-webm-vp8: 9c59270c3fd7afecdb556c50c9e8de78 -> 
  custom:audio-decoder-ogg-vorbis: bf7c407c2cedff20999df2af8eb42d56 -> 
  custom:audio-encoder-webm-vorbis: bf7c407c2cedff20999df2af8eb42d56 -> 
========================================================================
Received Import Request.
  path: Assets/Prefabs/CardSquare.prefab
  artifactKey: Guid(44944bac29a125f4e9a6111e742ed2ce) Importer(815301076,1909f56bfc062723c751e8b465ee728b)
Start importing Assets/Prefabs/CardSquare.prefab using Guid(44944bac29a125f4e9a6111e742ed2ce) Importer(815301076,1909f56bfc062723c751e8b465ee728b)  -> (artifact id: 'd77cc686817ba2779323fa7bf1904670') in 0.481105 seconds 
========================================================================
Received Import Request.
  Time since last request: 0.000515 seconds.
  path: Assets/Prefabs/Field.prefab
  artifactKey: Guid(46123e19c96aeb34c84bd01b22933bbd) Importer(815301076,1909f56bfc062723c751e8b465ee728b)
Start importing Assets/Prefabs/Field.prefab using Guid(46123e19c96aeb34c84bd01b22933bbd) Importer(815301076,1909f56bfc062723c751e8b465ee728b)  -> (artifact id: '5adc6f91d9ae7af2509fa9231f14fabc') in 0.282772 seconds 
========================================================================
Received Import Request.
  Time since last request: 0.000338 seconds.
  path: Assets/Prefabs/CardSprite.prefab
  artifactKey: Guid(d1ba44d3f83b3af4bbadfd5b1e3a7bde) Importer(815301076,1909f56bfc062723c751e8b465ee728b)
Start importing Assets/Prefabs/CardSprite.prefab using Guid(d1ba44d3f83b3af4bbadfd5b1e3a7bde) Importer(815301076,1909f56bfc062723c751e8b465ee728b)  -> (artifact id: 'e09a00e2aaef40b59e4e3e044bd918ee') in 0.249839 seconds 
========================================================================
Received Import Request.
  Time since last request: 14.795100 seconds.
  path: Assets/Models/cardInterface
  artifactKey: Guid(6004f044204c6344187d2cdac2033082) Importer(815301076,1909f56bfc062723c751e8b465ee728b)
Start importing Assets/Models/cardInterface using Guid(6004f044204c6344187d2cdac2033082) Importer(815301076,1909f56bfc062723c751e8b465ee728b)  -> (artifact id: '1e48ad9e3b786e13e494d77c6fa9a80b') in 0.011633 seconds 
========================================================================
Received Import Request.
  Time since last request: 0.080235 seconds.
  path: Assets/Models/cardInterface/confirm.fbx
  artifactKey: Guid(994930ec3228d4e4e83e0ac9fc91ca46) Importer(815301076,1909f56bfc062723c751e8b465ee728b)
Start importing Assets/Models/cardInterface/confirm.fbx using Guid(994930ec3228d4e4e83e0ac9fc91ca46) Importer(815301076,1909f56bfc062723c751e8b465ee728b)  -> (artifact id: '258b5273cdfd1f6997a0e910e4962459') in 0.143101 seconds 
========================================================================
Received Import Request.
  Time since last request: 0.000291 seconds.
  path: Assets/Models/cardInterface/sword.fbx
  artifactKey: Guid(c590e87b71cbdf04da5bdb9b6b9ab7cd) Importer(815301076,1909f56bfc062723c751e8b465ee728b)
Start importing Assets/Models/cardInterface/sword.fbx using Guid(c590e87b71cbdf04da5bdb9b6b9ab7cd) Importer(815301076,1909f56bfc062723c751e8b465ee728b)  -> (artifact id: '203aa1a7af24716dce3be9ee3abe9a54') in 0.050759 seconds 
========================================================================
Received Import Request.
  Time since last request: 0.000303 seconds.
  path: Assets/Models/cardInterface/moveArrow.fbx
  artifactKey: Guid(83d25188ed69c744eb5f40005e5a3551) Importer(815301076,1909f56bfc062723c751e8b465ee728b)
Start importing Assets/Models/cardInterface/moveArrow.fbx using Guid(83d25188ed69c744eb5f40005e5a3551) Importer(815301076,1909f56bfc062723c751e8b465ee728b)  -> (artifact id: '7cf6231eb0134d3585044bd89bfd723b') in 0.027875 seconds 
========================================================================
Received Import Request.
  Time since last request: 0.000316 seconds.
  path: Assets/Models/cardInterface/returnArrow.fbx
  artifactKey: Guid(9691ab149f5be8947a4c12f053f818b6) Importer(815301076,1909f56bfc062723c751e8b465ee728b)
Start importing Assets/Models/cardInterface/returnArrow.fbx using Guid(9691ab149f5be8947a4c12f053f818b6) Importer(815301076,1909f56bfc062723c751e8b465ee728b)  -> (artifact id: '931c76822b50321709346253331d0198') in 0.025441 seconds 
========================================================================
Received Import Request.
  Time since last request: 0.000357 seconds.
  path: Assets/Models/cardInterface/rotateArrow.fbx
  artifactKey: Guid(07de9222503cd594e98d512f3086fc9b) Importer(815301076,1909f56bfc062723c751e8b465ee728b)
Start importing Assets/Models/cardInterface/rotateArrow.fbx using Guid(07de9222503cd594e98d512f3086fc9b) Importer(815301076,1909f56bfc062723c751e8b465ee728b)  -> (artifact id: 'c99cdee97ea02936bea810171f062236') in 0.025912 seconds 
========================================================================
Received Import Request.
  Time since last request: 0.000287 seconds.
  path: Assets/Models/cardInterface/rotateArrowNew.fbx
  artifactKey: Guid(f3b62ccee959f9642a77c441bd978590) Importer(815301076,1909f56bfc062723c751e8b465ee728b)
Start importing Assets/Models/cardInterface/rotateArrowNew.fbx using Guid(f3b62ccee959f9642a77c441bd978590) Importer(815301076,1909f56bfc062723c751e8b465ee728b)  -> (artifact id: '1d4d69cf1f49e680374e248b79a0f494') in 0.032509 seconds 
========================================================================
Received Import Request.
  Time since last request: 51.659105 seconds.
  path: Assets/Prefabs/CardSprite.prefab
  artifactKey: Guid(d1ba44d3f83b3af4bbadfd5b1e3a7bde) Importer(815301076,1909f56bfc062723c751e8b465ee728b)
Start importing Assets/Prefabs/CardSprite.prefab using Guid(d1ba44d3f83b3af4bbadfd5b1e3a7bde) Importer(815301076,1909f56bfc062723c751e8b465ee728b)  -> (artifact id: 'd33a2b96a02f5a6a856d2da42cdb9692') in 0.097418 seconds 
========================================================================
Received Import Request.
  Time since last request: 0.000424 seconds.
  path: Assets/Prefabs/Field.prefab
  artifactKey: Guid(46123e19c96aeb34c84bd01b22933bbd) Importer(815301076,1909f56bfc062723c751e8b465ee728b)
Start importing Assets/Prefabs/Field.prefab using Guid(46123e19c96aeb34c84bd01b22933bbd) Importer(815301076,1909f56bfc062723c751e8b465ee728b)  -> (artifact id: '62981cc31d9958d90c0ca8002a2b1a18') in 0.053593 seconds 
========================================================================
Received Prepare
Registering precompiled user dll's ...
Registered in 0.002620 seconds.
Begin MonoManager ReloadAssembly
Native extension for WindowsStandalone target not found
Refreshing native plugins compatible for Editor in 0.78 ms, found 3 plugins.
Preloading 0 native plugins for Editor in 0.00 ms.
Mono: successfully reloaded assembly
- Completed reload, in  1.379 seconds
Domain Reload Profiling:
	ReloadAssembly (1380ms)
		BeginReloadAssembly (163ms)
			ExecutionOrderSort (0ms)
			DisableScriptedObjects (7ms)
			BackupInstance (0ms)
			ReleaseScriptingObjects (0ms)
			CreateAndSetChildDomain (47ms)
		EndReloadAssembly (1133ms)
			LoadAssemblies (129ms)
			RebuildTransferFunctionScriptingTraits (0ms)
			SetupTypeCache (355ms)
			ReleaseScriptCaches (1ms)
			RebuildScriptCaches (56ms)
			SetupLoadedEditorAssemblies (506ms)
				LogAssemblyErrors (0ms)
				InitializePlatformSupportModulesInManaged (9ms)
				SetLoadedEditorAssemblies (1ms)
				RefreshPlugins (1ms)
				BeforeProcessingInitializeOnLoad (115ms)
				ProcessInitializeOnLoadAttributes (355ms)
				ProcessInitializeOnLoadMethodAttributes (14ms)
				AfterProcessingInitializeOnLoad (10ms)
				EditorAssembliesLoaded (1ms)
			ExecutionOrderSort2 (0ms)
			AwakeInstancesAfterBackupRestoration (3ms)
Platform modules already initialized, skipping
Refreshing native plugins compatible for Editor in 0.48 ms, found 3 plugins.
Preloading 0 native plugins for Editor in 0.00 ms.
Unloading 1659 Unused Serialized files (Serialized files now loaded: 0)
System memory in use before: 78.6 MB.
System memory in use after: 78.7 MB.

Unloading 16 unused Assets to reduce memory usage. Loaded Objects now: 2128.
Total: 3.486700 ms (FindLiveObjects: 0.207700 ms CreateObjectMapping: 0.083800 ms MarkObjects: 3.146100 ms  DeleteObjects: 0.047800 ms)

AssetImportParameters requested are different than current active one (requested -> active):
  custom:framework-win-MediaFoundation: 216162199b28c13a410421893ffa2e32 -> 
  custom:video-decoder-ogg-theora: a1e56fd34408186e4bbccfd4996cb3dc -> 
  custom:container-muxer-webm: aa71ff27fc2769a1b78a27578f13a17b -> 
  custom:container-demuxer-webm: 4f35f7cbe854078d1ac9338744f61a02 -> 
  custom:container-demuxer-ogg: 62fdf1f143b41e24485cea50d1cbac27 -> 
  custom:video-encoder-webm-vp8: eb34c28f22e8b96e1ab97ce403110664 -> 
  custom:video-decoder-webm-vp8: 9c59270c3fd7afecdb556c50c9e8de78 -> 
  custom:audio-decoder-ogg-vorbis: bf7c407c2cedff20999df2af8eb42d56 -> 
  custom:audio-encoder-webm-vorbis: bf7c407c2cedff20999df2af8eb42d56 -> 
========================================================================
Received Prepare
Registering precompiled user dll's ...
Registered in 0.002581 seconds.
Begin MonoManager ReloadAssembly
Native extension for WindowsStandalone target not found
Refreshing native plugins compatible for Editor in 0.48 ms, found 3 plugins.
Preloading 0 native plugins for Editor in 0.00 ms.
Mono: successfully reloaded assembly
- Completed reload, in  1.427 seconds
Domain Reload Profiling:
	ReloadAssembly (1428ms)
		BeginReloadAssembly (173ms)
			ExecutionOrderSort (0ms)
			DisableScriptedObjects (8ms)
			BackupInstance (0ms)
			ReleaseScriptingObjects (0ms)
			CreateAndSetChildDomain (49ms)
		EndReloadAssembly (1166ms)
			LoadAssemblies (137ms)
			RebuildTransferFunctionScriptingTraits (0ms)
			SetupTypeCache (386ms)
			ReleaseScriptCaches (1ms)
			RebuildScriptCaches (61ms)
			SetupLoadedEditorAssemblies (490ms)
				LogAssemblyErrors (0ms)
				InitializePlatformSupportModulesInManaged (7ms)
				SetLoadedEditorAssemblies (1ms)
				RefreshPlugins (1ms)
				BeforeProcessingInitializeOnLoad (102ms)
				ProcessInitializeOnLoadAttributes (361ms)
				ProcessInitializeOnLoadMethodAttributes (11ms)
				AfterProcessingInitializeOnLoad (8ms)
				EditorAssembliesLoaded (0ms)
			ExecutionOrderSort2 (0ms)
			AwakeInstancesAfterBackupRestoration (2ms)
Platform modules already initialized, skipping
Refreshing native plugins compatible for Editor in 0.38 ms, found 3 plugins.
Preloading 0 native plugins for Editor in 0.00 ms.
Unloading 1659 Unused Serialized files (Serialized files now loaded: 0)
System memory in use before: 78.6 MB.
System memory in use after: 78.7 MB.

Unloading 14 unused Assets to reduce memory usage. Loaded Objects now: 2131.
Total: 3.348800 ms (FindLiveObjects: 0.142600 ms CreateObjectMapping: 0.072700 ms MarkObjects: 3.085000 ms  DeleteObjects: 0.047500 ms)

AssetImportParameters requested are different than current active one (requested -> active):
  custom:framework-win-MediaFoundation: 216162199b28c13a410421893ffa2e32 -> 
  custom:video-decoder-ogg-theora: a1e56fd34408186e4bbccfd4996cb3dc -> 
  custom:container-muxer-webm: aa71ff27fc2769a1b78a27578f13a17b -> 
  custom:container-demuxer-webm: 4f35f7cbe854078d1ac9338744f61a02 -> 
  custom:container-demuxer-ogg: 62fdf1f143b41e24485cea50d1cbac27 -> 
  custom:video-encoder-webm-vp8: eb34c28f22e8b96e1ab97ce403110664 -> 
  custom:video-decoder-webm-vp8: 9c59270c3fd7afecdb556c50c9e8de78 -> 
  custom:audio-decoder-ogg-vorbis: bf7c407c2cedff20999df2af8eb42d56 -> 
  custom:audio-encoder-webm-vorbis: bf7c407c2cedff20999df2af8eb42d56 -> 
========================================================================
Received Import Request.
  Time since last request: 530.975764 seconds.
  path: Assets/Prefabs/CardSquare.prefab
  artifactKey: Guid(44944bac29a125f4e9a6111e742ed2ce) Importer(815301076,1909f56bfc062723c751e8b465ee728b)
Start importing Assets/Prefabs/CardSquare.prefab using Guid(44944bac29a125f4e9a6111e742ed2ce) Importer(815301076,1909f56bfc062723c751e8b465ee728b)  -> (artifact id: '2f26476d759f70fe8a6717015f1d3c82') in 0.135832 seconds 
========================================================================
Received Prepare
Registering precompiled user dll's ...
Registered in 0.003146 seconds.
Begin MonoManager ReloadAssembly
Native extension for WindowsStandalone target not found
Refreshing native plugins compatible for Editor in 0.42 ms, found 3 plugins.
Preloading 0 native plugins for Editor in 0.00 ms.
Mono: successfully reloaded assembly
- Completed reload, in  1.379 seconds
Domain Reload Profiling:
	ReloadAssembly (1380ms)
		BeginReloadAssembly (154ms)
			ExecutionOrderSort (0ms)
			DisableScriptedObjects (7ms)
			BackupInstance (0ms)
			ReleaseScriptingObjects (0ms)
			CreateAndSetChildDomain (41ms)
		EndReloadAssembly (1144ms)
			LoadAssemblies (144ms)
			RebuildTransferFunctionScriptingTraits (0ms)
			SetupTypeCache (423ms)
			ReleaseScriptCaches (1ms)
			RebuildScriptCaches (58ms)
			SetupLoadedEditorAssemblies (435ms)
				LogAssemblyErrors (0ms)
				InitializePlatformSupportModulesInManaged (6ms)
				SetLoadedEditorAssemblies (1ms)
				RefreshPlugins (0ms)
				BeforeProcessingInitializeOnLoad (105ms)
				ProcessInitializeOnLoadAttributes (298ms)
				ProcessInitializeOnLoadMethodAttributes (14ms)
				AfterProcessingInitializeOnLoad (10ms)
				EditorAssembliesLoaded (1ms)
			ExecutionOrderSort2 (0ms)
			AwakeInstancesAfterBackupRestoration (3ms)
Platform modules already initialized, skipping
Refreshing native plugins compatible for Editor in 0.42 ms, found 3 plugins.
Preloading 0 native plugins for Editor in 0.00 ms.
Unloading 1659 Unused Serialized files (Serialized files now loaded: 0)
System memory in use before: 78.6 MB.
System memory in use after: 78.8 MB.

Unloading 16 unused Assets to reduce memory usage. Loaded Objects now: 2135.
Total: 3.493600 ms (FindLiveObjects: 0.218900 ms CreateObjectMapping: 0.084000 ms MarkObjects: 3.127200 ms  DeleteObjects: 0.062300 ms)

AssetImportParameters requested are different than current active one (requested -> active):
  custom:framework-win-MediaFoundation: 216162199b28c13a410421893ffa2e32 -> 
  custom:video-decoder-ogg-theora: a1e56fd34408186e4bbccfd4996cb3dc -> 
  custom:container-muxer-webm: aa71ff27fc2769a1b78a27578f13a17b -> 
  custom:container-demuxer-webm: 4f35f7cbe854078d1ac9338744f61a02 -> 
  custom:container-demuxer-ogg: 62fdf1f143b41e24485cea50d1cbac27 -> 
  custom:video-encoder-webm-vp8: eb34c28f22e8b96e1ab97ce403110664 -> 
  custom:video-decoder-webm-vp8: 9c59270c3fd7afecdb556c50c9e8de78 -> 
  custom:audio-decoder-ogg-vorbis: bf7c407c2cedff20999df2af8eb42d56 -> 
  custom:audio-encoder-webm-vorbis: bf7c407c2cedff20999df2af8eb42d56 -> 
========================================================================
Received Import Request.
  Time since last request: 65.311475 seconds.
  path: Assets/Prefabs/CardSquare.prefab
  artifactKey: Guid(44944bac29a125f4e9a6111e742ed2ce) Importer(815301076,1909f56bfc062723c751e8b465ee728b)
Start importing Assets/Prefabs/CardSquare.prefab using Guid(44944bac29a125f4e9a6111e742ed2ce) Importer(815301076,1909f56bfc062723c751e8b465ee728b)  -> (artifact id: 'ecc77705358ada81dd62e009e0859beb') in 0.178938 seconds 
========================================================================
Received Import Request.
  Time since last request: 46.912762 seconds.
  path: Assets/Prefabs/CardSquare.prefab
  artifactKey: Guid(44944bac29a125f4e9a6111e742ed2ce) Importer(815301076,1909f56bfc062723c751e8b465ee728b)
Start importing Assets/Prefabs/CardSquare.prefab using Guid(44944bac29a125f4e9a6111e742ed2ce) Importer(815301076,1909f56bfc062723c751e8b465ee728b)  -> (artifact id: '1f729e355f254d9c40ecaf02afaff848') in 0.068061 seconds 
========================================================================
Received Import Request.
  Time since last request: 55.186132 seconds.
  path: Assets/Prefabs/CardSquare.prefab
  artifactKey: Guid(44944bac29a125f4e9a6111e742ed2ce) Importer(815301076,1909f56bfc062723c751e8b465ee728b)
Start importing Assets/Prefabs/CardSquare.prefab using Guid(44944bac29a125f4e9a6111e742ed2ce) Importer(815301076,1909f56bfc062723c751e8b465ee728b)  -> (artifact id: 'a90162023a0933198c85a6c0da92f96b') in 0.077084 seconds 
========================================================================
Received Import Request.
  Time since last request: 6.668810 seconds.
  path: Assets/Prefabs/CardSquare.prefab
  artifactKey: Guid(44944bac29a125f4e9a6111e742ed2ce) Importer(815301076,1909f56bfc062723c751e8b465ee728b)
Start importing Assets/Prefabs/CardSquare.prefab using Guid(44944bac29a125f4e9a6111e742ed2ce) Importer(815301076,1909f56bfc062723c751e8b465ee728b)  -> (artifact id: '73b177064c9a6ad6bad7078c9edd935f') in 0.058836 seconds 
========================================================================
Received Import Request.
  Time since last request: 20.366200 seconds.
  path: Assets/Prefabs/CardSquare.prefab
  artifactKey: Guid(44944bac29a125f4e9a6111e742ed2ce) Importer(815301076,1909f56bfc062723c751e8b465ee728b)
Start importing Assets/Prefabs/CardSquare.prefab using Guid(44944bac29a125f4e9a6111e742ed2ce) Importer(815301076,1909f56bfc062723c751e8b465ee728b)  -> (artifact id: 'ad7434d0e7ec34ecdc554ee7ce2f22ec') in 0.047670 seconds 
========================================================================
Received Import Request.
  Time since last request: 35.976601 seconds.
  path: Assets/Prefabs/CardSquare.prefab
  artifactKey: Guid(44944bac29a125f4e9a6111e742ed2ce) Importer(815301076,1909f56bfc062723c751e8b465ee728b)
Start importing Assets/Prefabs/CardSquare.prefab using Guid(44944bac29a125f4e9a6111e742ed2ce) Importer(815301076,1909f56bfc062723c751e8b465ee728b)  -> (artifact id: '49e5f8c8a6ae6934d5616ec213f7c6c4') in 0.057911 seconds 
========================================================================
Received Import Request.
  Time since last request: 26.449887 seconds.
  path: Assets/Prefabs/CardSquare.prefab
  artifactKey: Guid(44944bac29a125f4e9a6111e742ed2ce) Importer(815301076,1909f56bfc062723c751e8b465ee728b)
Start importing Assets/Prefabs/CardSquare.prefab using Guid(44944bac29a125f4e9a6111e742ed2ce) Importer(815301076,1909f56bfc062723c751e8b465ee728b)  -> (artifact id: 'dae94717477054c81e801a074e5d3d44') in 0.054367 seconds 
========================================================================
Received Import Request.
  Time since last request: 15.325395 seconds.
  path: Assets/Prefabs/CardSquare.prefab
  artifactKey: Guid(44944bac29a125f4e9a6111e742ed2ce) Importer(815301076,1909f56bfc062723c751e8b465ee728b)
Start importing Assets/Prefabs/CardSquare.prefab using Guid(44944bac29a125f4e9a6111e742ed2ce) Importer(815301076,1909f56bfc062723c751e8b465ee728b)  -> (artifact id: 'cf6794885f64a6471d24382a052c200a') in 0.053590 seconds 
========================================================================
Received Import Request.
  Time since last request: 10.634711 seconds.
  path: Assets/Prefabs/CardSquare.prefab
  artifactKey: Guid(44944bac29a125f4e9a6111e742ed2ce) Importer(815301076,1909f56bfc062723c751e8b465ee728b)
Start importing Assets/Prefabs/CardSquare.prefab using Guid(44944bac29a125f4e9a6111e742ed2ce) Importer(815301076,1909f56bfc062723c751e8b465ee728b)  -> (artifact id: 'a7d87feb52fcccc458434dbfcf3e540b') in 0.069960 seconds 
========================================================================
Received Import Request.
  Time since last request: 13.916869 seconds.
  path: Assets/Prefabs/CardSquare.prefab
  artifactKey: Guid(44944bac29a125f4e9a6111e742ed2ce) Importer(815301076,1909f56bfc062723c751e8b465ee728b)
Start importing Assets/Prefabs/CardSquare.prefab using Guid(44944bac29a125f4e9a6111e742ed2ce) Importer(815301076,1909f56bfc062723c751e8b465ee728b)  -> (artifact id: 'a7db38801d446ccb7a1c7a36d8646ab1') in 0.051286 seconds 
========================================================================
Received Import Request.
  Time since last request: 4.265545 seconds.
  path: Assets/Prefabs/CardSquare.prefab
  artifactKey: Guid(44944bac29a125f4e9a6111e742ed2ce) Importer(815301076,1909f56bfc062723c751e8b465ee728b)
Start importing Assets/Prefabs/CardSquare.prefab using Guid(44944bac29a125f4e9a6111e742ed2ce) Importer(815301076,1909f56bfc062723c751e8b465ee728b)  -> (artifact id: '25ef4f56ea73c84f073394c79386c34d') in 0.060463 seconds 
AssetImportWorkerClient::OnTransportError - code=2 error=End of file
